c:\users\jen\documents\visual studio 2013\projects\dage concept project\project1\release\vc120.pdb
c:\users\jen\documents\visual studio 2013\projects\dage concept project\project1\release\myform.obj
c:\users\jen\documents\visual studio 2013\projects\dage concept project\project1\release\.netframework,version=v4.0.assemblyattributes.obj
c:\users\jen\documents\visual studio 2013\projects\dage concept project\release\project1.exe
c:\users\jen\documents\visual studio 2013\projects\dage concept project\release\project1.pdb
c:\users\jen\documents\visual studio 2013\projects\dage concept project\project1\release\project1.tlog\metagen.write.1.tlog
c:\users\jen\documents\visual studio 2013\projects\dage concept project\project1\release\project1.myform.resources
c:\users\jen\documents\visual studio 2013\projects\dage concept project\project1\release\project1.vcxproj.generateresource.cache
c:\users\jen\documents\visual studio 2013\projects\dage concept project\project1\release\project1.tlog\cl.command.1.tlog
c:\users\jen\documents\visual studio 2013\projects\dage concept project\project1\release\project1.tlog\cl.read.1.tlog
c:\users\jen\documents\visual studio 2013\projects\dage concept project\project1\release\project1.tlog\cl.write.1.tlog
c:\users\jen\documents\visual studio 2013\projects\dage concept project\project1\release\project1.tlog\link.command.1.tlog
c:\users\jen\documents\visual studio 2013\projects\dage concept project\project1\release\project1.tlog\link.read.1.tlog
c:\users\jen\documents\visual studio 2013\projects\dage concept project\project1\release\project1.tlog\link.write.1.tlog
c:\users\jen\documents\visual studio 2013\projects\dage concept project\project1\release\project1.tlog\metagen.read.1.tlog
c:\users\jen\documents\visual studio 2013\projects\dage concept project\project1\release\project1.tlog\project1.write.1u.tlog
c:\users\jen\documents\visual studio 2013\projects\dage concept project\project1\release\project1.tlog\system.data.dll.metagen
c:\users\jen\documents\visual studio 2013\projects\dage concept project\project1\release\project1.tlog\system.dll.metagen
c:\users\jen\documents\visual studio 2013\projects\dage concept project\project1\release\project1.tlog\system.drawing.dll.metagen
c:\users\jen\documents\visual studio 2013\projects\dage concept project\project1\release\project1.tlog\system.windows.forms.dll.metagen
c:\users\jen\documents\visual studio 2013\projects\dage concept project\project1\release\project1.tlog\system.xml.dll.metagen
c:\users\jen\documents\visual studio 2013\projects\dage concept project\project1\release\project1.tlog\rsaenh.dll.bi
c:\users\jen\documents\visual studio 2013\projects\dage concept project\project1\release\project1.tlog\tzres.dll.bi
